Google: https://blog.zynji.my.id/posts/cara-install-dan-setting-ssh-untuk-github-di-linux-windows-dan-macos/ → 200 {
  "urlNotificationMetadata": {
    "url": "https://blog.zynji.my.id/posts/cara-install-dan-setting-ssh-untuk-github-di-linux-windows-dan-macos/"
  }
}

Google: https://blog.zynji.my.id/posts/cara-install-jdownloader2-di-portainer-dengan-mudah-dan-cepat/ → 200 {
  "urlNotificationMetadata": {
    "url": "https://blog.zynji.my.id/posts/cara-install-jdownloader2-di-portainer-dengan-mudah-dan-cepat/"
  }
}

Google: https://blog.zynji.my.id/posts/ubah-stb-jadi-server-printer-cups/ → 200 {
  "urlNotificationMetadata": {
    "url": "https://blog.zynji.my.id/posts/ubah-stb-jadi-server-printer-cups/"
  }
}

Google: https://blog.zynji.my.id/posts/cara-install-glances--set-auto-start-saat-booting-di-linux/ → 200 {
  "urlNotificationMetadata": {
    "url": "https://blog.zynji.my.id/posts/cara-install-glances--set-auto-start-saat-booting-di-linux/"
  }
}

Google: https://blog.zynji.my.id/posts/menghapus-aplikasi-sistem-android-bloatware-dengan-adb/ → 200 {
  "urlNotificationMetadata": {
    "url": "https://blog.zynji.my.id/posts/menghapus-aplikasi-sistem-android-bloatware-dengan-adb/"
  }
}

Google: https://blog.zynji.my.id/posts/cara-mudah-setting-jadwal-reboot-otomatis-di-armbian-linux/ → 200 {
  "urlNotificationMetadata": {
    "url": "https://blog.zynji.my.id/posts/cara-mudah-setting-jadwal-reboot-otomatis-di-armbian-linux/"
  }
}

Google: https://blog.zynji.my.id/posts/menghemat-daya-server-dengan-powertop-dan-hdidle/ → 200 {
  "urlNotificationMetadata": {
    "url": "https://blog.zynji.my.id/posts/menghemat-daya-server-dengan-powertop-dan-hdidle/"
  }
}

Google: https://blog.zynji.my.id/posts/tes-kecepatan-lan-menggunakan-iperf3-secara-optimal/ → 200 {
  "urlNotificationMetadata": {
    "url": "https://blog.zynji.my.id/posts/tes-kecepatan-lan-menggunakan-iperf3-secara-optimal/"
  }
}

Google: https://blog.zynji.my.id/posts/mounting-drive-linux-manual-auto-mount-via-fstab-ext4-ntfs/ → 200 {
  "urlNotificationMetadata": {
    "url": "https://blog.zynji.my.id/posts/mounting-drive-linux-manual-auto-mount-via-fstab-ext4-ntfs/"
  }
}

IndexNow: https://blog.zynji.my.id/posts/cara-install-dan-setting-ssh-untuk-github-di-linux-windows-dan-macos/ → 202 
IndexNow: https://blog.zynji.my.id/posts/cara-install-jdownloader2-di-portainer-dengan-mudah-dan-cepat/ → 200 
IndexNow: https://blog.zynji.my.id/posts/ubah-stb-jadi-server-printer-cups/ → 200 
IndexNow: https://blog.zynji.my.id/posts/cara-install-glances--set-auto-start-saat-booting-di-linux/ → 200 
IndexNow: https://blog.zynji.my.id/posts/menghapus-aplikasi-sistem-android-bloatware-dengan-adb/ → 200 
IndexNow: https://blog.zynji.my.id/posts/cara-mudah-setting-jadwal-reboot-otomatis-di-armbian-linux/ → 200 
IndexNow: https://blog.zynji.my.id/posts/menghemat-daya-server-dengan-powertop-dan-hdidle/ → 200 
IndexNow: https://blog.zynji.my.id/posts/tes-kecepatan-lan-menggunakan-iperf3-secara-optimal/ → 200 
IndexNow: https://blog.zynji.my.id/posts/mounting-drive-linux-manual-auto-mount-via-fstab-ext4-ntfs/ → 200 
